<?xml version="1.0" encoding="UTF-8"?>
<!-- Generated by org.testng.reporters.JUnitReportReporter -->
<testsuite skipped="0" hostname="DESKTOP-224BKO0" name="testCase.songsPlayed" tests="4" failures="0" timestamp="10 Mar 2023 09:29:51 GMT" time="0.005" errors="0">
  <testcase name="playS4" time="0.002" classname="testCase.songsPlayed"/>
  <testcase name="playS2" time="0.001" classname="testCase.songsPlayed"/>
  <testcase name="playS1" time="0.002" classname="testCase.songsPlayed"/>
  <testcase name="playS5" time="0.000" classname="testCase.songsPlayed"/>
</testsuite> <!-- testCase.songsPlayed -->
